28.5.2025, 17:09:51 - INFO - server.js loaded...
28.5.2025, 17:09:51 - INFO - Server is running on port: 3030
28.5.2025, 17:14:56 - INFO - server.js loaded...
28.5.2025, 17:14:56 - INFO - Server is running on port: 3030
28.5.2025, 17:16:25 - INFO - server.js loaded...
28.5.2025, 17:16:25 - INFO - Server is running on port: 3030
28.5.2025, 17:17:01 - INFO - /api/gig | GET | {} | {}
28.5.2025, 17:17:41 - INFO - /api/gig | GET | {} | {}
28.5.2025, 17:22:27 - INFO - /api/gig | GET | {"title":"Crash when clicking save","severity":4,"description":"App crashes on save","createdAt":1712950000000} | {}
28.5.2025, 17:22:35 - INFO - /api/gig | POST | {"title":"Crash when clicking save","severity":4,"description":"App crashes on save","createdAt":1712950000000} | {}
28.5.2025, 17:22:40 - INFO - /api/gig | GET | {"title":"Crash when clicking save","severity":4,"description":"App crashes on save","createdAt":1712950000000} | {}
28.5.2025, 17:26:45 - INFO - server.js loaded...
28.5.2025, 17:26:45 - INFO - Server is running on port: 3030
28.5.2025, 17:26:47 - INFO - server.js loaded...
28.5.2025, 17:26:47 - INFO - Server is running on port: 3030
28.5.2025, 17:26:49 - INFO - server.js loaded...
28.5.2025, 17:26:49 - INFO - Server is running on port: 3030
28.5.2025, 17:26:55 - INFO - server.js loaded...
28.5.2025, 17:26:55 - INFO - Server is running on port: 3030
28.5.2025, 17:26:58 - INFO - server.js loaded...
28.5.2025, 17:26:58 - INFO - Server is running on port: 3030
28.5.2025, 17:27:00 - INFO - server.js loaded...
28.5.2025, 17:27:00 - INFO - Server is running on port: 3030
28.5.2025, 17:27:04 - INFO - server.js loaded...
28.5.2025, 17:27:04 - INFO - Server is running on port: 3030
28.5.2025, 17:27:07 - INFO - server.js loaded...
28.5.2025, 17:27:07 - INFO - Server is running on port: 3030
28.5.2025, 17:27:42 - INFO - server.js loaded...
28.5.2025, 17:27:42 - INFO - Server is running on port: 3030
28.5.2025, 17:29:44 - INFO - server.js loaded...
28.5.2025, 17:29:44 - INFO - Server is running on port: 3030
28.5.2025, 19:27:25 - INFO - server.js loaded...
28.5.2025, 19:27:25 - INFO - Server is running on port: 3030
28.5.2025, 19:27:26 - INFO - server.js loaded...
28.5.2025, 19:27:26 - INFO - Server is running on port: 3030
28.5.2025, 19:27:30 - INFO - server.js loaded...
28.5.2025, 19:27:30 - INFO - Server is running on port: 3030
28.5.2025, 19:27:31 - INFO - server.js loaded...
28.5.2025, 19:27:31 - INFO - Server is running on port: 3030
28.5.2025, 19:27:40 - INFO - server.js loaded...
28.5.2025, 19:27:40 - INFO - Server is running on port: 3030
28.5.2025, 19:27:53 - INFO - server.js loaded...
28.5.2025, 19:27:53 - INFO - Server is running on port: 3030
28.5.2025, 19:27:57 - INFO - server.js loaded...
28.5.2025, 19:27:57 - INFO - Server is running on port: 3030
28.5.2025, 19:27:58 - INFO - server.js loaded...
28.5.2025, 19:27:58 - INFO - Server is running on port: 3030
28.5.2025, 19:27:59 - INFO - server.js loaded...
28.5.2025, 19:27:59 - INFO - Server is running on port: 3030
28.5.2025, 19:28:00 - INFO - server.js loaded...
28.5.2025, 19:28:00 - INFO - Server is running on port: 3030
28.5.2025, 19:28:11 - INFO - server.js loaded...
28.5.2025, 19:28:11 - INFO - Server is running on port: 3030
28.5.2025, 19:28:12 - INFO - server.js loaded...
28.5.2025, 19:28:12 - INFO - Server is running on port: 3030
28.5.2025, 19:28:19 - INFO - server.js loaded...
28.5.2025, 19:28:19 - INFO - Server is running on port: 3030
28.5.2025, 19:28:20 - INFO - server.js loaded...
28.5.2025, 19:28:20 - INFO - Server is running on port: 3030
28.5.2025, 19:28:27 - INFO - server.js loaded...
28.5.2025, 19:28:27 - INFO - Server is running on port: 3030
28.5.2025, 19:28:28 - INFO - server.js loaded...
28.5.2025, 19:28:28 - INFO - Server is running on port: 3030
28.5.2025, 19:28:34 - INFO - server.js loaded...
28.5.2025, 19:28:34 - INFO - Server is running on port: 3030
28.5.2025, 19:28:35 - INFO - server.js loaded...
28.5.2025, 19:28:35 - INFO - Server is running on port: 3030
28.5.2025, 19:28:40 - INFO - server.js loaded...
28.5.2025, 19:28:40 - INFO - Server is running on port: 3030
28.5.2025, 19:28:42 - INFO - server.js loaded...
28.5.2025, 19:28:42 - INFO - Server is running on port: 3030
28.5.2025, 19:28:57 - INFO - server.js loaded...
28.5.2025, 19:28:57 - INFO - Server is running on port: 3030
28.5.2025, 19:29:07 - INFO - server.js loaded...
28.5.2025, 19:29:07 - INFO - Server is running on port: 3030
28.5.2025, 19:29:14 - INFO - server.js loaded...
28.5.2025, 19:29:14 - INFO - Server is running on port: 3030
28.5.2025, 19:29:17 - INFO - server.js loaded...
28.5.2025, 19:29:17 - INFO - Server is running on port: 3030
28.5.2025, 19:29:23 - INFO - server.js loaded...
28.5.2025, 19:29:23 - INFO - Server is running on port: 3030
28.5.2025, 19:29:24 - INFO - server.js loaded...
28.5.2025, 19:29:24 - INFO - Server is running on port: 3030
28.5.2025, 19:29:31 - INFO - server.js loaded...
28.5.2025, 19:29:31 - INFO - Server is running on port: 3030
28.5.2025, 19:29:33 - INFO - server.js loaded...
28.5.2025, 19:29:33 - INFO - Server is running on port: 3030
28.5.2025, 19:29:38 - INFO - server.js loaded...
28.5.2025, 19:29:38 - INFO - Server is running on port: 3030
28.5.2025, 19:29:47 - INFO - server.js loaded...
28.5.2025, 19:29:48 - INFO - Server is running on port: 3030
28.5.2025, 19:29:54 - INFO - server.js loaded...
28.5.2025, 19:29:54 - INFO - Server is running on port: 3030
28.5.2025, 19:29:59 - INFO - server.js loaded...
28.5.2025, 19:29:59 - INFO - Server is running on port: 3030
28.5.2025, 19:30:00 - INFO - server.js loaded...
28.5.2025, 19:30:00 - INFO - Server is running on port: 3030
28.5.2025, 19:30:05 - INFO - server.js loaded...
28.5.2025, 19:30:05 - INFO - Server is running on port: 3030
28.5.2025, 19:30:06 - INFO - server.js loaded...
28.5.2025, 19:30:06 - INFO - Server is running on port: 3030
28.5.2025, 19:30:10 - INFO - server.js loaded...
28.5.2025, 19:30:10 - INFO - Server is running on port: 3030
28.5.2025, 19:30:11 - INFO - server.js loaded...
28.5.2025, 19:30:11 - INFO - Server is running on port: 3030
28.5.2025, 19:30:24 - INFO - server.js loaded...
28.5.2025, 19:30:24 - INFO - Server is running on port: 3030
28.5.2025, 19:30:25 - INFO - server.js loaded...
28.5.2025, 19:30:25 - INFO - Server is running on port: 3030
28.5.2025, 19:30:30 - INFO - server.js loaded...
28.5.2025, 19:30:30 - INFO - Server is running on port: 3030
28.5.2025, 19:30:32 - INFO - server.js loaded...
28.5.2025, 19:30:32 - INFO - Server is running on port: 3030
28.5.2025, 19:30:40 - INFO - server.js loaded...
28.5.2025, 19:30:40 - INFO - Server is running on port: 3030
28.5.2025, 19:30:41 - INFO - server.js loaded...
28.5.2025, 19:30:41 - INFO - Server is running on port: 3030
28.5.2025, 19:30:47 - INFO - server.js loaded...
28.5.2025, 19:30:47 - INFO - Server is running on port: 3030
28.5.2025, 19:30:55 - INFO - server.js loaded...
28.5.2025, 19:30:55 - INFO - Server is running on port: 3030
28.5.2025, 19:31:00 - INFO - server.js loaded...
28.5.2025, 19:31:00 - INFO - Server is running on port: 3030
28.5.2025, 19:31:07 - INFO - server.js loaded...
28.5.2025, 19:31:07 - INFO - Server is running on port: 3030
28.5.2025, 19:31:10 - INFO - server.js loaded...
28.5.2025, 19:31:10 - INFO - Server is running on port: 3030
28.5.2025, 19:31:14 - INFO - server.js loaded...
28.5.2025, 19:31:14 - INFO - Server is running on port: 3030
28.5.2025, 19:31:15 - INFO - server.js loaded...
28.5.2025, 19:31:15 - INFO - Server is running on port: 3030
28.5.2025, 19:31:21 - INFO - server.js loaded...
28.5.2025, 19:31:21 - INFO - Server is running on port: 3030
28.5.2025, 19:31:27 - INFO - server.js loaded...
28.5.2025, 19:31:27 - INFO - Server is running on port: 3030
28.5.2025, 19:31:35 - INFO - server.js loaded...
28.5.2025, 19:31:35 - INFO - Server is running on port: 3030
28.5.2025, 19:31:41 - INFO - server.js loaded...
28.5.2025, 19:31:41 - INFO - Server is running on port: 3030
28.5.2025, 19:31:43 - INFO - server.js loaded...
28.5.2025, 19:31:43 - INFO - Server is running on port: 3030
28.5.2025, 19:31:51 - INFO - server.js loaded...
28.5.2025, 19:31:51 - INFO - Server is running on port: 3030
28.5.2025, 19:31:52 - INFO - server.js loaded...
28.5.2025, 19:31:52 - INFO - Server is running on port: 3030
28.5.2025, 19:31:57 - INFO - server.js loaded...
28.5.2025, 19:31:57 - INFO - Server is running on port: 3030
28.5.2025, 19:31:58 - INFO - server.js loaded...
28.5.2025, 19:31:59 - INFO - Server is running on port: 3030
28.5.2025, 19:32:04 - INFO - server.js loaded...
28.5.2025, 19:32:04 - INFO - Server is running on port: 3030
28.5.2025, 19:32:05 - INFO - server.js loaded...
28.5.2025, 19:32:05 - INFO - Server is running on port: 3030
28.5.2025, 19:32:13 - INFO - server.js loaded...
28.5.2025, 19:32:13 - INFO - Server is running on port: 3030
28.5.2025, 19:32:14 - INFO - server.js loaded...
28.5.2025, 19:32:14 - INFO - Server is running on port: 3030
28.5.2025, 19:32:20 - INFO - server.js loaded...
28.5.2025, 19:32:20 - INFO - Server is running on port: 3030
28.5.2025, 19:32:21 - INFO - server.js loaded...
28.5.2025, 19:32:21 - INFO - Server is running on port: 3030
28.5.2025, 19:32:27 - INFO - server.js loaded...
28.5.2025, 19:32:27 - INFO - Server is running on port: 3030
28.5.2025, 19:32:28 - INFO - server.js loaded...
28.5.2025, 19:32:28 - INFO - Server is running on port: 3030
28.5.2025, 19:32:32 - INFO - server.js loaded...
28.5.2025, 19:32:32 - INFO - Server is running on port: 3030
28.5.2025, 19:32:33 - INFO - server.js loaded...
28.5.2025, 19:32:33 - INFO - Server is running on port: 3030
28.5.2025, 19:32:37 - INFO - server.js loaded...
28.5.2025, 19:32:37 - INFO - Server is running on port: 3030
28.5.2025, 19:32:43 - INFO - server.js loaded...
28.5.2025, 19:32:43 - INFO - Server is running on port: 3030
28.5.2025, 19:32:49 - INFO - server.js loaded...
28.5.2025, 19:32:49 - INFO - Server is running on port: 3030
28.5.2025, 19:32:55 - INFO - server.js loaded...
28.5.2025, 19:32:55 - INFO - Server is running on port: 3030
28.5.2025, 19:33:01 - INFO - server.js loaded...
28.5.2025, 19:33:01 - INFO - Server is running on port: 3030
28.5.2025, 19:33:04 - INFO - server.js loaded...
28.5.2025, 19:33:04 - INFO - Server is running on port: 3030
28.5.2025, 19:33:06 - INFO - server.js loaded...
28.5.2025, 19:33:06 - INFO - Server is running on port: 3030
28.5.2025, 19:33:10 - INFO - server.js loaded...
28.5.2025, 19:33:10 - INFO - Server is running on port: 3030
28.5.2025, 19:33:15 - INFO - server.js loaded...
28.5.2025, 19:33:15 - INFO - Server is running on port: 3030
28.5.2025, 19:33:20 - INFO - server.js loaded...
28.5.2025, 19:33:20 - INFO - Server is running on port: 3030
28.5.2025, 19:33:27 - INFO - server.js loaded...
28.5.2025, 19:33:27 - INFO - Server is running on port: 3030
28.5.2025, 19:33:33 - INFO - server.js loaded...
28.5.2025, 19:33:33 - INFO - Server is running on port: 3030
28.5.2025, 19:33:36 - INFO - server.js loaded...
28.5.2025, 19:33:36 - INFO - Server is running on port: 3030
28.5.2025, 19:33:41 - INFO - server.js loaded...
28.5.2025, 19:33:41 - INFO - Server is running on port: 3030
28.5.2025, 19:33:42 - INFO - server.js loaded...
28.5.2025, 19:33:42 - INFO - Server is running on port: 3030
28.5.2025, 19:33:52 - INFO - server.js loaded...
28.5.2025, 19:33:52 - INFO - Server is running on port: 3030
28.5.2025, 19:33:54 - INFO - server.js loaded...
28.5.2025, 19:33:54 - INFO - Server is running on port: 3030
28.5.2025, 19:33:58 - INFO - server.js loaded...
28.5.2025, 19:33:58 - INFO - Server is running on port: 3030
28.5.2025, 19:33:59 - INFO - server.js loaded...
28.5.2025, 19:33:59 - INFO - Server is running on port: 3030
28.5.2025, 19:34:05 - INFO - server.js loaded...
28.5.2025, 19:34:05 - INFO - Server is running on port: 3030
28.5.2025, 19:34:07 - INFO - server.js loaded...
28.5.2025, 19:34:07 - INFO - Server is running on port: 3030
28.5.2025, 19:34:15 - INFO - server.js loaded...
28.5.2025, 19:34:15 - INFO - Server is running on port: 3030
28.5.2025, 19:34:16 - INFO - server.js loaded...
28.5.2025, 19:34:16 - INFO - Server is running on port: 3030
28.5.2025, 19:34:26 - INFO - server.js loaded...
28.5.2025, 19:34:26 - INFO - Server is running on port: 3030
28.5.2025, 19:34:27 - INFO - server.js loaded...
28.5.2025, 19:34:27 - INFO - Server is running on port: 3030
28.5.2025, 19:41:26 - INFO - server.js loaded...
28.5.2025, 19:41:26 - INFO - Server is running on port: 3030
28.5.2025, 19:41:29 - INFO - server.js loaded...
28.5.2025, 19:41:29 - INFO - Server is running on port: 3030
28.5.2025, 19:41:34 - INFO - server.js loaded...
28.5.2025, 19:41:34 - INFO - Server is running on port: 3030
28.5.2025, 19:41:38 - INFO - server.js loaded...
28.5.2025, 19:41:38 - INFO - Server is running on port: 3030
28.5.2025, 19:41:39 - INFO - server.js loaded...
28.5.2025, 19:41:39 - INFO - Server is running on port: 3030
28.5.2025, 19:41:48 - INFO - server.js loaded...
28.5.2025, 19:41:48 - INFO - Server is running on port: 3030
28.5.2025, 19:41:52 - INFO - server.js loaded...
28.5.2025, 19:41:52 - INFO - Server is running on port: 3030
28.5.2025, 19:41:56 - INFO - server.js loaded...
28.5.2025, 19:41:56 - INFO - Server is running on port: 3030
28.5.2025, 19:42:02 - INFO - server.js loaded...
28.5.2025, 19:42:02 - INFO - Server is running on port: 3030
28.5.2025, 19:42:06 - INFO - server.js loaded...
28.5.2025, 19:42:07 - INFO - Server is running on port: 3030
28.5.2025, 19:42:09 - INFO - server.js loaded...
28.5.2025, 19:42:10 - INFO - Server is running on port: 3030
28.5.2025, 19:42:14 - INFO - server.js loaded...
28.5.2025, 19:42:14 - INFO - Server is running on port: 3030
28.5.2025, 19:42:18 - INFO - server.js loaded...
28.5.2025, 19:42:18 - INFO - Server is running on port: 3030
28.5.2025, 19:42:22 - INFO - server.js loaded...
28.5.2025, 19:42:22 - INFO - Server is running on port: 3030
28.5.2025, 19:42:26 - INFO - server.js loaded...
28.5.2025, 19:42:26 - INFO - Server is running on port: 3030
28.5.2025, 19:42:28 - INFO - server.js loaded...
28.5.2025, 19:42:28 - INFO - Server is running on port: 3030
28.5.2025, 19:42:33 - INFO - server.js loaded...
28.5.2025, 19:42:33 - INFO - Server is running on port: 3030
28.5.2025, 19:42:36 - INFO - server.js loaded...
28.5.2025, 19:42:36 - INFO - Server is running on port: 3030
28.5.2025, 19:42:38 - INFO - server.js loaded...
28.5.2025, 19:42:38 - INFO - Server is running on port: 3030
28.5.2025, 19:42:39 - INFO - server.js loaded...
28.5.2025, 19:42:39 - INFO - Server is running on port: 3030
28.5.2025, 19:42:42 - INFO - server.js loaded...
28.5.2025, 19:42:42 - INFO - Server is running on port: 3030
28.5.2025, 19:42:45 - INFO - server.js loaded...
28.5.2025, 19:42:45 - INFO - Server is running on port: 3030
28.5.2025, 19:42:47 - INFO - server.js loaded...
28.5.2025, 19:42:47 - INFO - Server is running on port: 3030
28.5.2025, 19:42:49 - INFO - server.js loaded...
28.5.2025, 19:42:49 - INFO - Server is running on port: 3030
28.5.2025, 19:42:52 - INFO - server.js loaded...
28.5.2025, 19:42:52 - INFO - Server is running on port: 3030
28.5.2025, 19:42:54 - INFO - server.js loaded...
28.5.2025, 19:42:54 - INFO - Server is running on port: 3030
28.5.2025, 19:42:55 - INFO - server.js loaded...
28.5.2025, 19:42:55 - INFO - Server is running on port: 3030
28.5.2025, 19:42:58 - INFO - server.js loaded...
28.5.2025, 19:42:58 - INFO - Server is running on port: 3030
28.5.2025, 19:43:02 - INFO - server.js loaded...
28.5.2025, 19:43:02 - INFO - Server is running on port: 3030
28.5.2025, 19:43:09 - INFO - server.js loaded...
28.5.2025, 19:43:09 - INFO - Server is running on port: 3030
28.5.2025, 19:43:14 - INFO - server.js loaded...
28.5.2025, 19:43:14 - INFO - Server is running on port: 3030
28.5.2025, 19:43:19 - INFO - server.js loaded...
28.5.2025, 19:43:19 - INFO - Server is running on port: 3030
28.5.2025, 19:43:23 - INFO - server.js loaded...
28.5.2025, 19:43:23 - INFO - Server is running on port: 3030
28.5.2025, 19:43:28 - INFO - server.js loaded...
28.5.2025, 19:43:28 - INFO - Server is running on port: 3030
28.5.2025, 19:43:45 - INFO - server.js loaded...
28.5.2025, 19:43:45 - INFO - Server is running on port: 3030
28.5.2025, 19:43:48 - INFO - server.js loaded...
28.5.2025, 19:43:48 - INFO - Server is running on port: 3030
28.5.2025, 19:43:50 - INFO - server.js loaded...
28.5.2025, 19:43:50 - INFO - Server is running on port: 3030
28.5.2025, 19:43:56 - INFO - server.js loaded...
28.5.2025, 19:43:56 - INFO - Server is running on port: 3030
28.5.2025, 19:44:00 - INFO - server.js loaded...
28.5.2025, 19:44:00 - INFO - Server is running on port: 3030
28.5.2025, 19:44:04 - INFO - server.js loaded...
28.5.2025, 19:44:04 - INFO - Server is running on port: 3030
28.5.2025, 19:44:08 - INFO - server.js loaded...
28.5.2025, 19:44:08 - INFO - Server is running on port: 3030
28.5.2025, 19:44:11 - INFO - server.js loaded...
28.5.2025, 19:44:11 - INFO - Server is running on port: 3030
28.5.2025, 19:44:14 - INFO - server.js loaded...
28.5.2025, 19:44:14 - INFO - Server is running on port: 3030
28.5.2025, 19:44:16 - INFO - server.js loaded...
28.5.2025, 19:44:16 - INFO - Server is running on port: 3030
28.5.2025, 19:44:20 - INFO - server.js loaded...
28.5.2025, 19:44:20 - INFO - Server is running on port: 3030
28.5.2025, 19:44:21 - INFO - server.js loaded...
28.5.2025, 19:44:21 - INFO - Server is running on port: 3030
28.5.2025, 19:44:23 - INFO - server.js loaded...
28.5.2025, 19:44:23 - INFO - Server is running on port: 3030
28.5.2025, 19:44:26 - INFO - server.js loaded...
28.5.2025, 19:44:26 - INFO - Server is running on port: 3030
28.5.2025, 19:44:29 - INFO - server.js loaded...
28.5.2025, 19:44:29 - INFO - Server is running on port: 3030
28.5.2025, 19:44:31 - INFO - server.js loaded...
28.5.2025, 19:44:31 - INFO - Server is running on port: 3030
28.5.2025, 19:44:33 - INFO - server.js loaded...
28.5.2025, 19:44:33 - INFO - Server is running on port: 3030
28.5.2025, 19:44:36 - INFO - server.js loaded...
28.5.2025, 19:44:36 - INFO - Server is running on port: 3030
28.5.2025, 19:44:38 - INFO - server.js loaded...
28.5.2025, 19:44:38 - INFO - Server is running on port: 3030
28.5.2025, 19:44:42 - INFO - server.js loaded...
28.5.2025, 19:44:42 - INFO - Server is running on port: 3030
28.5.2025, 19:44:48 - INFO - server.js loaded...
28.5.2025, 19:44:48 - INFO - Server is running on port: 3030
28.5.2025, 19:44:50 - INFO - server.js loaded...
28.5.2025, 19:44:50 - INFO - Server is running on port: 3030
28.5.2025, 19:44:52 - INFO - server.js loaded...
28.5.2025, 19:44:52 - INFO - Server is running on port: 3030
28.5.2025, 19:44:55 - INFO - server.js loaded...
28.5.2025, 19:44:55 - INFO - Server is running on port: 3030
28.5.2025, 19:44:56 - INFO - server.js loaded...
28.5.2025, 19:44:56 - INFO - Server is running on port: 3030
28.5.2025, 19:45:00 - INFO - server.js loaded...
28.5.2025, 19:45:00 - INFO - Server is running on port: 3030
28.5.2025, 19:45:04 - INFO - server.js loaded...
28.5.2025, 19:45:04 - INFO - Server is running on port: 3030
28.5.2025, 19:45:08 - INFO - server.js loaded...
28.5.2025, 19:45:08 - INFO - Server is running on port: 3030
28.5.2025, 19:45:11 - INFO - server.js loaded...
28.5.2025, 19:45:11 - INFO - Server is running on port: 3030
28.5.2025, 19:45:17 - INFO - server.js loaded...
28.5.2025, 19:45:17 - INFO - Server is running on port: 3030
28.5.2025, 19:45:22 - INFO - server.js loaded...
28.5.2025, 19:45:22 - INFO - Server is running on port: 3030
28.5.2025, 19:45:27 - INFO - server.js loaded...
28.5.2025, 19:45:27 - INFO - Server is running on port: 3030
28.5.2025, 19:45:31 - INFO - server.js loaded...
28.5.2025, 19:45:31 - INFO - Server is running on port: 3030
28.5.2025, 19:45:34 - INFO - server.js loaded...
28.5.2025, 19:45:34 - INFO - Server is running on port: 3030
28.5.2025, 19:45:37 - INFO - server.js loaded...
28.5.2025, 19:45:37 - INFO - Server is running on port: 3030
28.5.2025, 19:45:39 - INFO - server.js loaded...
28.5.2025, 19:45:39 - INFO - Server is running on port: 3030
28.5.2025, 19:45:41 - INFO - server.js loaded...
28.5.2025, 19:45:41 - INFO - Server is running on port: 3030
28.5.2025, 19:45:47 - INFO - server.js loaded...
28.5.2025, 19:45:47 - INFO - Server is running on port: 3030
28.5.2025, 19:45:52 - INFO - server.js loaded...
28.5.2025, 19:45:52 - INFO - Server is running on port: 3030
28.5.2025, 19:45:58 - INFO - server.js loaded...
28.5.2025, 19:45:58 - INFO - Server is running on port: 3030
28.5.2025, 19:46:02 - INFO - server.js loaded...
28.5.2025, 19:46:02 - INFO - Server is running on port: 3030
28.5.2025, 19:46:05 - INFO - server.js loaded...
28.5.2025, 19:46:05 - INFO - Server is running on port: 3030
28.5.2025, 19:56:11 - INFO - /api/gig | GET | {} | {}
28.5.2025, 20:00:01 - INFO - server.js loaded...
28.5.2025, 20:00:01 - INFO - Server is running on port: 3030
28.5.2025, 20:00:08 - INFO - server.js loaded...
28.5.2025, 20:00:08 - INFO - Server is running on port: 3030
28.5.2025, 20:01:13 - INFO - server.js loaded...
28.5.2025, 20:01:13 - INFO - Server is running on port: 3030
28.5.2025, 20:02:32 - INFO - server.js loaded...
28.5.2025, 20:02:32 - INFO - Server is running on port: 3030
28.5.2025, 20:02:33 - INFO - server.js loaded...
28.5.2025, 20:02:33 - INFO - Server is running on port: 3030
28.5.2025, 20:02:37 - INFO - server.js loaded...
28.5.2025, 20:02:37 - INFO - Server is running on port: 3030
28.5.2025, 20:02:41 - INFO - server.js loaded...
28.5.2025, 20:02:41 - INFO - Server is running on port: 3030
28.5.2025, 20:28:23 - INFO - server.js loaded...
28.5.2025, 20:28:23 - INFO - Server is running on port: 3030
28.5.2025, 20:28:41 - INFO - server.js loaded...
28.5.2025, 20:28:41 - INFO - Server is running on port: 3030
28.5.2025, 20:28:43 - INFO - server.js loaded...
28.5.2025, 20:28:43 - INFO - Server is running on port: 3030
28.5.2025, 20:28:45 - INFO - server.js loaded...
28.5.2025, 20:28:45 - INFO - Server is running on port: 3030
28.5.2025, 20:32:01 - INFO - server.js loaded...
28.5.2025, 20:32:01 - INFO - Server is running on port: 3030
28.5.2025, 20:32:21 - INFO - server.js loaded...
28.5.2025, 20:32:21 - INFO - Server is running on port: 3030
28.5.2025, 20:34:00 - INFO - server.js loaded...
28.5.2025, 20:34:00 - INFO - Server is running on port: 3030
28.5.2025, 20:34:02 - INFO - server.js loaded...
28.5.2025, 20:34:02 - INFO - Server is running on port: 3030
28.5.2025, 20:34:10 - INFO - server.js loaded...
28.5.2025, 20:34:10 - INFO - Server is running on port: 3030
28.5.2025, 20:41:56 - INFO - Server is running on port: 3030
28.5.2025, 20:41:56 - INFO - server.js loaded...
28.5.2025, 20:42:20 - INFO - server.js loaded...
28.5.2025, 20:42:20 - INFO - Server is running on port: 3030
28.5.2025, 20:44:29 - INFO - /api/gig | GET | {} | {}
28.5.2025, 20:44:33 - INFO - /api/gig | GET | {} | {}
28.5.2025, 20:50:23 - INFO - /api/gig | GET | {} | {}
28.5.2025, 20:51:39 - INFO - /api/gig | GET | {} | {}
28.5.2025, 20:52:09 - INFO - /api/gig | GET | {"title":"Crash when clicking save","severity":4,"description":"App crashes on save","createdAt":1712950000000} | {}
28.5.2025, 20:52:36 - INFO - /api/gig | GET | {"title":"Crash when clicking save","severity":4,"description":"App crashes on save","createdAt":1712950000000} | {}
28.5.2025, 20:53:08 - INFO - /api/gig | GET | {} | {}
28.5.2025, 20:53:31 - INFO - /api/gig | GET | {} | {}
28.5.2025, 20:53:53 - INFO - /api/gig | GET | {} | {}
28.5.2025, 20:55:20 - INFO - /api/gig | GET | {} | {}
28.5.2025, 20:55:32 - INFO - /api/gig | GET | {} | {}
28.5.2025, 20:55:58 - INFO - /api/gig | GET | {} | {}
28.5.2025, 20:56:08 - INFO - /api/gig | GET | {} | {}
28.5.2025, 20:56:13 - INFO - /api/gig | GET | {} | {}
28.5.2025, 20:56:30 - INFO - /api/gig | GET | {} | {}
28.5.2025, 20:56:33 - INFO - /api/gig | GET | {} | {}
28.5.2025, 20:56:39 - INFO - /api/gig | GET | {} | {}
28.5.2025, 20:57:19 - INFO - /api/gig | GET | {} | {}
28.5.2025, 20:58:17 - INFO - /api/gig | GET | {} | {}
28.5.2025, 20:58:19 - INFO - /api/gig | GET | {} | {}
28.5.2025, 21:02:08 - INFO - server.js loaded...
28.5.2025, 21:02:08 - INFO - Server is running on port: 3030
28.5.2025, 21:02:11 - INFO - server.js loaded...
28.5.2025, 21:02:11 - INFO - Server is running on port: 3030
28.5.2025, 21:02:15 - INFO - /api/gig | GET | {} | {}
28.5.2025, 21:03:12 - INFO - /api/gig | GET | {} | {}
28.5.2025, 21:03:13 - INFO - /api/gig | GET | {} | {}
28.5.2025, 21:03:13 - INFO - /api/gig | GET | {} | {}
28.5.2025, 21:03:13 - INFO - /api/gig | GET | {} | {}
28.5.2025, 21:03:14 - INFO - /api/gig | GET | {} | {}
28.5.2025, 21:03:41 - INFO - /api/gig | GET | {} | {}
28.5.2025, 21:03:48 - INFO - /api/gig | GET | {} | {}
28.5.2025, 21:04:11 - INFO - /api/gig | GET | {} | {}
28.5.2025, 21:06:16 - INFO - server.js loaded...
28.5.2025, 21:06:16 - INFO - Server is running on port: 3030
28.5.2025, 21:06:55 - INFO - server.js loaded...
28.5.2025, 21:06:55 - INFO - Server is running on port: 3030
28.5.2025, 21:06:58 - INFO - server.js loaded...
28.5.2025, 21:06:58 - INFO - Server is running on port: 3030
28.5.2025, 21:10:33 - INFO - server.js loaded...
28.5.2025, 21:10:33 - INFO - Server is running on port: 3030
28.5.2025, 21:10:45 - INFO - server.js loaded...
28.5.2025, 21:10:45 - INFO - Server is running on port: 3030
28.5.2025, 21:10:46 - INFO - server.js loaded...
28.5.2025, 21:10:46 - INFO - Server is running on port: 3030
28.5.2025, 21:11:57 - INFO - server.js loaded...
28.5.2025, 21:11:57 - INFO - Server is running on port: 3030
28.5.2025, 21:12:04 - INFO - server.js loaded...
28.5.2025, 21:12:04 - INFO - Server is running on port: 3030
28.5.2025, 21:12:07 - INFO - server.js loaded...
28.5.2025, 21:12:07 - INFO - Server is running on port: 3030
28.5.2025, 21:12:11 - INFO - server.js loaded...
28.5.2025, 21:12:11 - INFO - Server is running on port: 3030
28.5.2025, 21:12:23 - INFO - /api/gig | GET | {} | {}
28.5.2025, 21:15:19 - INFO - server.js loaded...
28.5.2025, 21:15:19 - INFO - Server is running on port: 3030
28.5.2025, 21:15:39 - INFO - server.js loaded...
28.5.2025, 21:15:39 - INFO - Server is running on port: 3030
28.5.2025, 21:15:51 - INFO - /api/gig | GET | {} | {}
28.5.2025, 21:19:43 - INFO - /api/gig | GET | {} | {}
28.5.2025, 21:21:32 - INFO - server.js loaded...
28.5.2025, 21:21:32 - INFO - Server is running on port: 3030
28.5.2025, 21:21:38 - INFO - /api/gig | GET | {} | {}
28.5.2025, 21:21:58 - INFO - server.js loaded...
28.5.2025, 21:21:59 - INFO - Server is running on port: 3030
28.5.2025, 21:22:02 - INFO - /api/gig | GET | {} | {}
28.5.2025, 21:22:17 - INFO - server.js loaded...
28.5.2025, 21:22:17 - INFO - Server is running on port: 3030
28.5.2025, 21:22:24 - INFO - server.js loaded...
28.5.2025, 21:22:24 - INFO - Server is running on port: 3030
28.5.2025, 21:23:32 - INFO - /api/gig | GET | {} | {}
28.5.2025, 21:24:32 - INFO - server.js loaded...
28.5.2025, 21:24:32 - INFO - Server is running on port: 3030
28.5.2025, 21:24:36 - INFO - server.js loaded...
28.5.2025, 21:24:36 - INFO - Server is running on port: 3030
28.5.2025, 21:24:38 - INFO - server.js loaded...
28.5.2025, 21:24:38 - INFO - Server is running on port: 3030
28.5.2025, 21:24:39 - INFO - /api/gig | GET | {} | {}
28.5.2025, 21:25:42 - INFO - /api/gig | GET | {} | {}
28.5.2025, 21:26:37 - INFO - server.js loaded...
28.5.2025, 21:26:37 - INFO - Server is running on port: 3030
28.5.2025, 21:26:40 - INFO - /api/gig | GET | {} | {}
28.5.2025, 21:27:11 - INFO - server.js loaded...
28.5.2025, 21:27:11 - INFO - Server is running on port: 3030
28.5.2025, 21:27:12 - INFO - /api/gig | GET | {} | {}
28.5.2025, 21:28:22 - INFO - server.js loaded...
28.5.2025, 21:28:22 - INFO - Server is running on port: 3030
28.5.2025, 21:28:24 - INFO - /api/gig | GET | {} | {}
28.5.2025, 21:29:02 - INFO - /api/gig | GET | {} | {}
28.5.2025, 21:29:13 - INFO - /api/gig | GET | {} | {}
28.5.2025, 21:29:36 - INFO - server.js loaded...
28.5.2025, 21:29:36 - INFO - Server is running on port: 3030
28.5.2025, 21:29:39 - INFO - server.js loaded...
28.5.2025, 21:29:39 - INFO - Server is running on port: 3030
28.5.2025, 21:29:42 - INFO - /api/gig | GET | {} | {}
28.5.2025, 21:29:48 - INFO - /api/gig | GET | {} | {}
28.5.2025, 21:30:10 - INFO - /api/gig | GET | {} | {}
28.5.2025, 21:32:54 - INFO - /api/gig | GET | {} | {}
28.5.2025, 21:33:16 - INFO - /api/gig | GET | {} | {}
28.5.2025, 21:34:32 - INFO - /api/gig | GET | {} | {}
28.5.2025, 21:37:13 - INFO - /api/gig | GET | {} | {}
28.5.2025, 21:38:08 - INFO - /api/gig | GET | {} | {}
28.5.2025, 21:39:05 - INFO - /api/gig | GET | {} | {}
28.5.2025, 21:39:26 - INFO - /api/gig | GET | {} | {}
29.5.2025, 1:24:13 - INFO - /api/gig | GET | {} | {}
29.5.2025, 1:24:13 - INFO - /api/gig | GET | {} | {}
29.5.2025, 1:24:13 - INFO - /api/gig | GET | {} | {}
29.5.2025, 1:28:09 - INFO - /api/gig | GET | {} | {}
29.5.2025, 1:28:09 - INFO - /api/gig | GET | {} | {}
29.5.2025, 1:28:09 - INFO - /api/gig | GET | {} | {}
29.5.2025, 1:28:39 - INFO - /api/gig | GET | {} | {}
29.5.2025, 1:28:39 - INFO - /api/gig | GET | {} | {}
29.5.2025, 1:28:39 - INFO - /api/gig | GET | {} | {}
29.5.2025, 1:32:08 - INFO - server.js loaded...
29.5.2025, 1:32:08 - INFO - Server is running on port: 3030
29.5.2025, 1:33:54 - INFO - /api/gig | GET | {} | {}
29.5.2025, 1:50:11 - INFO - /api/gig | GET | {} | {}
29.5.2025, 1:50:12 - INFO - /api/gig | GET | {} | {}
29.5.2025, 1:50:12 - INFO - /api/gig | GET | {} | {}
29.5.2025, 1:50:12 - INFO - /api/gig | GET | {} | {}
29.5.2025, 14:46:19 - INFO - /api/gig | GET | {} | {}
29.5.2025, 14:46:20 - INFO - /api/gig | GET | {} | {}
29.5.2025, 14:46:20 - INFO - /api/gig | GET | {} | {}
29.5.2025, 14:46:20 - INFO - /api/gig | GET | {} | {}
29.5.2025, 14:46:23 - INFO - /api/gig | GET | {} | {}
29.5.2025, 14:46:26 - INFO - /api/gig | GET | {} | {}
29.5.2025, 14:46:26 - INFO - /api/gig | GET | {} | {}
29.5.2025, 14:46:26 - INFO - /api/gig | GET | {} | {}
29.5.2025, 14:46:42 - INFO - /api/gig | GET | {} | {}
29.5.2025, 14:46:43 - INFO - /api/gig | GET | {} | {}
29.5.2025, 14:46:43 - INFO - /api/gig | GET | {} | {}
29.5.2025, 14:48:08 - INFO - /api/gig | GET | {} | {}
29.5.2025, 14:48:08 - INFO - /api/gig | GET | {} | {}
29.5.2025, 14:48:08 - INFO - /api/gig | GET | {} | {}
29.5.2025, 14:48:22 - INFO - /api/gig | GET | {} | {}
29.5.2025, 14:48:22 - INFO - /api/gig | GET | {} | {}
29.5.2025, 14:48:22 - INFO - /api/gig | GET | {} | {}
29.5.2025, 14:48:50 - INFO - /api/gig | GET | {} | {}
29.5.2025, 14:48:50 - INFO - /api/gig | GET | {} | {}
29.5.2025, 14:50:50 - INFO - /api/gig | GET | {} | {}
29.5.2025, 14:50:50 - INFO - /api/gig | GET | {} | {}
29.5.2025, 14:50:50 - INFO - /api/gig | GET | {} | {}
29.5.2025, 14:50:53 - INFO - /api/gig | GET | {} | {}
29.5.2025, 14:50:53 - INFO - /api/gig | GET | {} | {}
29.5.2025, 14:50:55 - INFO - /api/gig | GET | {} | {}
29.5.2025, 14:50:55 - INFO - /api/gig | GET | {} | {}
29.5.2025, 14:51:01 - INFO - /api/gig | GET | {} | {}
29.5.2025, 14:51:01 - INFO - /api/gig | GET | {} | {}
29.5.2025, 14:51:01 - INFO - /api/gig | GET | {} | {}
29.5.2025, 14:51:06 - INFO - /api/gig | GET | {} | {}
29.5.2025, 14:51:06 - INFO - /api/gig | GET | {} | {}
29.5.2025, 14:51:30 - INFO - /api/gig | GET | {} | {}
29.5.2025, 14:51:30 - INFO - /api/gig | GET | {} | {}
29.5.2025, 14:51:30 - INFO - /api/gig | GET | {} | {}
29.5.2025, 14:54:25 - INFO - /api/gig | GET | {} | {}
29.5.2025, 14:54:25 - INFO - /api/gig | GET | {} | {}
29.5.2025, 14:54:25 - INFO - /api/gig | GET | {} | {}
29.5.2025, 14:54:29 - INFO - /api/gig | GET | {} | {}
29.5.2025, 14:54:30 - INFO - /api/gig | GET | {} | {}
29.5.2025, 14:54:30 - INFO - /api/gig | GET | {} | {}
29.5.2025, 14:54:31 - INFO - /api/gig | GET | {} | {}
29.5.2025, 14:54:31 - INFO - /api/gig | GET | {} | {}
29.5.2025, 14:54:31 - INFO - /api/gig | GET | {} | {}
29.5.2025, 14:54:38 - INFO - /api/gig | GET | {} | {}
29.5.2025, 14:54:38 - INFO - /api/gig | GET | {} | {}
29.5.2025, 14:54:38 - INFO - /api/gig | GET | {} | {}
29.5.2025, 14:54:42 - INFO - /api/gig | GET | {} | {}
29.5.2025, 14:54:42 - INFO - /api/gig | GET | {} | {}
29.5.2025, 14:54:42 - INFO - /api/gig | GET | {} | {}
29.5.2025, 14:54:59 - INFO - /api/gig | GET | {} | {}
29.5.2025, 14:54:59 - INFO - /api/gig | GET | {} | {}
29.5.2025, 14:55:00 - INFO - /api/gig | GET | {} | {}
29.5.2025, 14:55:20 - INFO - /api/gig | GET | {} | {}
29.5.2025, 14:55:20 - INFO - /api/gig | GET | {} | {}
29.5.2025, 14:55:20 - INFO - /api/gig | GET | {} | {}
29.5.2025, 14:55:22 - INFO - /api/gig | GET | {} | {}
29.5.2025, 14:55:22 - INFO - /api/gig | GET | {} | {}
29.5.2025, 14:55:22 - INFO - /api/gig | GET | {} | {}
29.5.2025, 14:55:28 - INFO - /api/gig | GET | {} | {}
29.5.2025, 14:55:28 - INFO - /api/gig | GET | {} | {}
29.5.2025, 14:55:28 - INFO - /api/gig | GET | {} | {}
29.5.2025, 14:55:30 - INFO - /api/gig | GET | {} | {}
29.5.2025, 14:55:30 - INFO - /api/gig | GET | {} | {}
29.5.2025, 14:55:30 - INFO - /api/gig | GET | {} | {}
29.5.2025, 14:56:04 - INFO - /api/gig | GET | {} | {}
29.5.2025, 14:56:04 - INFO - /api/gig | GET | {} | {}
29.5.2025, 14:56:04 - INFO - /api/gig | GET | {} | {}
29.5.2025, 15:10:15 - INFO - /api/gig | GET | {} | {}
29.5.2025, 15:10:15 - INFO - /api/gig | GET | {} | {}
29.5.2025, 15:10:15 - INFO - /api/gig | GET | {} | {}
29.5.2025, 15:10:26 - INFO - /api/gig | GET | {} | {}
29.5.2025, 15:10:26 - INFO - /api/gig | GET | {} | {}
29.5.2025, 15:10:26 - INFO - /api/gig | GET | {} | {}
29.5.2025, 15:16:28 - INFO - /api/gig | GET | {} | {}
29.5.2025, 15:16:28 - INFO - /api/gig | GET | {} | {}
29.5.2025, 15:18:18 - INFO - /api/gig | GET | {} | {}
29.5.2025, 15:18:18 - INFO - /api/gig | GET | {} | {}
29.5.2025, 15:18:18 - INFO - /api/gig | GET | {} | {}
29.5.2025, 15:18:20 - INFO - /api/gig | GET | {} | {}
29.5.2025, 15:18:20 - INFO - /api/gig | GET | {} | {}
29.5.2025, 15:28:29 - INFO - /api/gig | GET | {} | {"id":"68373f6003c2ef6e59279a6d"}
29.5.2025, 15:28:54 - INFO - /api/gig | GET | {} | {}
29.5.2025, 15:36:45 - INFO - server.js loaded...
29.5.2025, 15:36:46 - INFO - Server is running on port: 3030
29.5.2025, 15:41:25 - INFO - server.js loaded...
29.5.2025, 15:41:25 - INFO - Server is running on port: 3030
29.5.2025, 15:41:49 - INFO - server.js loaded...
29.5.2025, 15:41:50 - INFO - Server is running on port: 3030
29.5.2025, 15:42:05 - INFO - /api/gig | GET | {} | {}
29.5.2025, 15:42:05 - INFO - /api/gig | GET | {} | {}
29.5.2025, 15:42:05 - INFO - /api/gig | GET | {} | {}
29.5.2025, 15:42:49 - INFO - /api/gig | GET | {} | {}
29.5.2025, 15:42:49 - INFO - /api/gig | GET | {} | {}
29.5.2025, 15:44:28 - INFO - /api/gig | GET | {} | {}
29.5.2025, 15:44:28 - INFO - /api/gig | GET | {} | {}
29.5.2025, 15:44:30 - INFO - /api/gig | GET | {} | {}
29.5.2025, 15:44:30 - INFO - /api/gig | GET | {} | {}
29.5.2025, 15:44:30 - INFO - /api/gig | GET | {} | {}
29.5.2025, 15:44:41 - INFO - /api/gig | GET | {} | {}
29.5.2025, 15:44:41 - INFO - /api/gig | GET | {} | {}
29.5.2025, 15:45:08 - INFO - /api/gig | GET | {} | {}
29.5.2025, 15:45:08 - INFO - /api/gig | GET | {} | {}
29.5.2025, 15:45:22 - INFO - /api/gig | GET | {} | {}
29.5.2025, 15:45:22 - INFO - /api/gig | GET | {} | {}
29.5.2025, 15:47:43 - INFO - /api/gig | GET | {} | {}
29.5.2025, 15:47:43 - INFO - /api/gig | GET | {} | {}
29.5.2025, 15:47:43 - INFO - /api/gig | GET | {} | {}
29.5.2025, 15:47:44 - INFO - /api/gig | GET | {} | {}
29.5.2025, 15:47:57 - INFO - /api/gig | GET | {} | {}
29.5.2025, 15:47:58 - INFO - /api/gig | GET | {} | {}
29.5.2025, 15:51:09 - INFO - /api/gig | GET | {} | {}
29.5.2025, 15:51:10 - INFO - /api/gig | GET | {} | {}
29.5.2025, 15:51:15 - INFO - /api/gig | GET | {} | {}
29.5.2025, 15:51:15 - INFO - /api/gig | GET | {} | {}
29.5.2025, 15:51:16 - INFO - /api/gig | GET | {} | {}
29.5.2025, 16:10:01 - INFO - server.js loaded...
29.5.2025, 16:10:01 - INFO - Server is running on port: 3030
29.5.2025, 16:10:06 - INFO - /api/gig | GET | {} | {}
29.5.2025, 16:11:09 - INFO - /api/gig | GET | {} | {}
29.5.2025, 16:11:10 - INFO - /api/gig | GET | {} | {}
29.5.2025, 16:11:10 - INFO - /api/gig | GET | {} | {}
29.5.2025, 16:11:17 - INFO - /api/gig | GET | {} | {}
29.5.2025, 16:11:18 - INFO - /api/gig | GET | {} | {}
29.5.2025, 16:11:46 - INFO - /api/gig | GET | {} | {"id":"68373f6003c2ef6e59279a48"}
29.5.2025, 16:11:51 - INFO - /api/gig | GET | {} | {}
29.5.2025, 16:11:53 - INFO - /api/gig | GET | {} | {"id":"68373f6003c2ef6e59279a48"}
29.5.2025, 16:13:35 - INFO - /api/gig | GET | {} | {}
29.5.2025, 16:14:10 - INFO - /api/gig | GET | {} | {}
29.5.2025, 16:14:10 - INFO - /api/gig | GET | {} | {}
29.5.2025, 16:14:10 - INFO - /api/gig | GET | {} | {}
29.5.2025, 16:14:14 - INFO - /api/gig | GET | {} | {}
29.5.2025, 16:14:14 - INFO - /api/gig | GET | {} | {}
29.5.2025, 16:14:14 - INFO - /api/gig | GET | {} | {}
29.5.2025, 16:17:52 - INFO - /api/gig | GET | {} | {}
29.5.2025, 16:29:16 - INFO - /api/gig | GET | {} | {}
29.5.2025, 16:31:21 - INFO - /api/gig | GET | {} | {}
29.5.2025, 16:31:31 - INFO - /api/gig | GET | {} | {}
29.5.2025, 16:31:31 - INFO - /api/gig | GET | {} | {}
29.5.2025, 16:31:31 - INFO - /api/gig | GET | {} | {}
29.5.2025, 16:36:39 - INFO - /api/gig | GET | {} | {}
29.5.2025, 16:37:12 - INFO - /api/gig | GET | {} | {}
29.5.2025, 16:37:36 - INFO - /api/gig | GET | {} | {}
29.5.2025, 16:37:36 - INFO - /api/gig | GET | {} | {}
29.5.2025, 16:37:38 - INFO - /api/gig | GET | {} | {}
29.5.2025, 16:37:38 - INFO - /api/gig | GET | {} | {}
29.5.2025, 16:58:30 - INFO - /api/gig | GET | {} | {}
29.5.2025, 16:58:30 - INFO - /api/gig | GET | {} | {}
29.5.2025, 17:43:43 - INFO - /api/gig | GET | {} | {}
29.5.2025, 17:43:43 - INFO - /api/gig | GET | {} | {}
